2020-03-16 16:19:07.621  INFO 8632 --- [main] r.f.vaccination.VaccinationApplication   : Starting VaccinationApplication on Kat with PID 8632 (D:\vaccination\sources\target\classes started by аххх in D:\vaccination\sources)
2020-03-16 16:19:07.623 DEBUG 8632 --- [main] r.f.vaccination.VaccinationApplication   : Running with Spring Boot v2.2.4.RELEASE, Spring v5.2.3.RELEASE
2020-03-16 16:19:07.624  INFO 8632 --- [main] r.f.vaccination.VaccinationApplication   : No active profile set, falling back to default profiles: default
2020-03-16 16:19:08.322  INFO 8632 --- [main] .s.d.r.c.RepositoryConfigurationDelegate : Bootstrapping Spring Data JPA repositories in DEFAULT mode.
2020-03-16 16:19:08.387  INFO 8632 --- [main] .s.d.r.c.RepositoryConfigurationDelegate : Finished Spring Data repository scanning in 56ms. Found 5 JPA repository interfaces.
2020-03-16 16:19:08.850  INFO 8632 --- [main] trationDelegate$BeanPostProcessorChecker : Bean 'org.springframework.transaction.annotation.ProxyTransactionManagementConfiguration' of type [org.springframework.transaction.annotation.ProxyTransactionManagementConfiguration] is not eligible for getting processed by all BeanPostProcessors (for example: not eligible for auto-proxying)
2020-03-16 16:19:09.078  INFO 8632 --- [main] o.s.b.w.embedded.tomcat.TomcatWebServer  : Tomcat initialized with port(s): 8080 (http)
2020-03-16 16:19:09.087  INFO 8632 --- [main] o.apache.catalina.core.StandardService   : Starting service [Tomcat]
2020-03-16 16:19:09.088  INFO 8632 --- [main] org.apache.catalina.core.StandardEngine  : Starting Servlet engine: [Apache Tomcat/9.0.30]
2020-03-16 16:19:09.218  INFO 8632 --- [main] o.a.c.c.C.[Tomcat].[localhost].[/]       : Initializing Spring embedded WebApplicationContext
2020-03-16 16:19:09.360  INFO 8632 --- [main] o.hibernate.jpa.internal.util.LogHelper  : HHH000204: Processing PersistenceUnitInfo [name: default]
2020-03-16 16:19:09.425  INFO 8632 --- [main] org.hibernate.Version                    : HHH000412: Hibernate Core {5.4.10.Final}
2020-03-16 16:19:09.537  INFO 8632 --- [main] o.hibernate.annotations.common.Version   : HCANN000001: Hibernate Commons Annotations {5.1.0.Final}
2020-03-16 16:19:09.698  INFO 8632 --- [main] com.zaxxer.hikari.HikariDataSource       : HikariPool-1 - Starting...
2020-03-16 16:19:10.336  INFO 8632 --- [main] com.zaxxer.hikari.HikariDataSource       : HikariPool-1 - Start completed.
2020-03-16 16:19:10.347  INFO 8632 --- [main] org.hibernate.dialect.Dialect            : HHH000400: Using dialect: org.hibernate.dialect.MySQL5Dialect
2020-03-16 16:19:11.155  INFO 8632 --- [main] o.h.e.t.j.p.i.JtaPlatformInitiator       : HHH000490: Using JtaPlatform implementation: [org.hibernate.engine.transaction.jta.platform.internal.NoJtaPlatform]
2020-03-16 16:19:11.163  INFO 8632 --- [main] j.LocalContainerEntityManagerFactoryBean : Initialized JPA EntityManagerFactory for persistence unit 'default'
2020-03-16 16:19:11.193  WARN 8632 --- [main] JpaBaseConfiguration$JpaWebConfiguration : spring.jpa.open-in-view is enabled by default. Therefore, database queries may be performed during view rendering. Explicitly configure spring.jpa.open-in-view to disable this warning
2020-03-16 16:19:11.850  INFO 8632 --- [main] o.s.s.web.DefaultSecurityFilterChain     : Creating filter chain: Ant [pattern='/static/**'], []
2020-03-16 16:19:11.882  INFO 8632 --- [main] o.s.s.web.DefaultSecurityFilterChain     : Creating filter chain: any request, [org.springframework.security.web.context.request.async.WebAsyncManagerIntegrationFilter@1247c72e, org.springframework.security.web.context.SecurityContextPersistenceFilter@7cb29ea8, org.springframework.security.web.header.HeaderWriterFilter@1d283d1, org.springframework.security.web.csrf.CsrfFilter@762bf32d, org.springframework.security.web.authentication.logout.LogoutFilter@21733cbe, org.springframework.security.web.authentication.UsernamePasswordAuthenticationFilter@27bb4dc5, org.springframework.security.web.savedrequest.RequestCacheAwareFilter@7e747037, org.springframework.security.web.servletapi.SecurityContextHolderAwareRequestFilter@2ba9f986, org.springframework.security.web.authentication.AnonymousAuthenticationFilter@6fef75c6, org.springframework.security.web.session.SessionManagementFilter@2fca3eb5, org.springframework.security.web.access.ExceptionTranslationFilter@2296127, org.springframework.security.web.access.intercept.FilterSecurityInterceptor@227a933d]
2020-03-16 16:19:12.074  INFO 8632 --- [main] o.s.b.w.embedded.tomcat.TomcatWebServer  : Tomcat started on port(s): 8080 (http) with context path ''
2020-03-16 16:19:12.076  INFO 8632 --- [main] r.f.vaccination.VaccinationApplication   : Started VaccinationApplication in 4.89 seconds (JVM running for 5.942)
2020-03-16 16:19:19.235  INFO 8632 --- [http-nio-8080-exec-1] o.a.c.c.C.[Tomcat].[localhost].[/]       : Initializing Spring DispatcherServlet 'dispatcherServlet'
2020-03-16 16:19:40.499  WARN 8632 --- [http-nio-8080-exec-4] o.h.engine.jdbc.spi.SqlExceptionHelper   : SQL Error: 1062, SQLState: 23000
2020-03-16 16:19:40.499 ERROR 8632 --- [http-nio-8080-exec-4] o.h.engine.jdbc.spi.SqlExceptionHelper   : Duplicate entry '15408827876' for key 'patient.SNILS_UNIQUE'
2020-03-16 16:19:40.560 ERROR 8632 --- [http-nio-8080-exec-4] r.f.vaccination.service.PatientService   : Мой первый настоящий лог ^__^
2020-03-16 16:22:33.193  INFO 12388 --- [main] r.f.vaccination.VaccinationApplication   : Starting VaccinationApplication on Kat with PID 12388 (D:\vaccination\sources\target\classes started by аххх in D:\vaccination\sources)
2020-03-16 16:22:33.197 DEBUG 12388 --- [main] r.f.vaccination.VaccinationApplication   : Running with Spring Boot v2.2.4.RELEASE, Spring v5.2.3.RELEASE
2020-03-16 16:22:33.197  INFO 12388 --- [main] r.f.vaccination.VaccinationApplication   : No active profile set, falling back to default profiles: default
2020-03-16 16:22:34.220  INFO 12388 --- [main] .s.d.r.c.RepositoryConfigurationDelegate : Bootstrapping Spring Data JPA repositories in DEFAULT mode.
2020-03-16 16:22:34.327  INFO 12388 --- [main] .s.d.r.c.RepositoryConfigurationDelegate : Finished Spring Data repository scanning in 92ms. Found 5 JPA repository interfaces.
2020-03-16 16:22:34.976  INFO 12388 --- [main] trationDelegate$BeanPostProcessorChecker : Bean 'org.springframework.transaction.annotation.ProxyTransactionManagementConfiguration' of type [org.springframework.transaction.annotation.ProxyTransactionManagementConfiguration] is not eligible for getting processed by all BeanPostProcessors (for example: not eligible for auto-proxying)
2020-03-16 16:22:35.201  INFO 12388 --- [main] o.s.b.w.embedded.tomcat.TomcatWebServer  : Tomcat initialized with port(s): 8080 (http)
2020-03-16 16:22:35.209  INFO 12388 --- [main] o.apache.catalina.core.StandardService   : Starting service [Tomcat]
2020-03-16 16:22:35.210  INFO 12388 --- [main] org.apache.catalina.core.StandardEngine  : Starting Servlet engine: [Apache Tomcat/9.0.30]
2020-03-16 16:22:35.437  INFO 12388 --- [main] o.a.c.c.C.[Tomcat].[localhost].[/]       : Initializing Spring embedded WebApplicationContext
2020-03-16 16:22:35.596  INFO 12388 --- [main] o.hibernate.jpa.internal.util.LogHelper  : HHH000204: Processing PersistenceUnitInfo [name: default]
2020-03-16 16:22:35.656  INFO 12388 --- [main] org.hibernate.Version                    : HHH000412: Hibernate Core {5.4.10.Final}
2020-03-16 16:22:35.764  INFO 12388 --- [main] o.hibernate.annotations.common.Version   : HCANN000001: Hibernate Commons Annotations {5.1.0.Final}
2020-03-16 16:22:35.917  INFO 12388 --- [main] com.zaxxer.hikari.HikariDataSource       : HikariPool-1 - Starting...
2020-03-16 16:22:36.699  INFO 12388 --- [main] com.zaxxer.hikari.HikariDataSource       : HikariPool-1 - Start completed.
2020-03-16 16:22:36.713  INFO 12388 --- [main] org.hibernate.dialect.Dialect            : HHH000400: Using dialect: org.hibernate.dialect.MySQL5Dialect
2020-03-16 16:22:37.380  INFO 12388 --- [main] o.h.e.t.j.p.i.JtaPlatformInitiator       : HHH000490: Using JtaPlatform implementation: [org.hibernate.engine.transaction.jta.platform.internal.NoJtaPlatform]
2020-03-16 16:22:37.389  INFO 12388 --- [main] j.LocalContainerEntityManagerFactoryBean : Initialized JPA EntityManagerFactory for persistence unit 'default'
2020-03-16 16:22:37.434  WARN 12388 --- [main] JpaBaseConfiguration$JpaWebConfiguration : spring.jpa.open-in-view is enabled by default. Therefore, database queries may be performed during view rendering. Explicitly configure spring.jpa.open-in-view to disable this warning
2020-03-16 16:22:38.107  INFO 12388 --- [main] o.s.s.web.DefaultSecurityFilterChain     : Creating filter chain: Ant [pattern='/static/**'], []
2020-03-16 16:22:38.141  INFO 12388 --- [main] o.s.s.web.DefaultSecurityFilterChain     : Creating filter chain: any request, [org.springframework.security.web.context.request.async.WebAsyncManagerIntegrationFilter@61ab6521, org.springframework.security.web.context.SecurityContextPersistenceFilter@63de4fa, org.springframework.security.web.header.HeaderWriterFilter@5b322873, org.springframework.security.web.csrf.CsrfFilter@71b26880, org.springframework.security.web.authentication.logout.LogoutFilter@2fca3eb5, org.springframework.security.web.authentication.UsernamePasswordAuthenticationFilter@4baf997, org.springframework.security.web.savedrequest.RequestCacheAwareFilter@18907af2, org.springframework.security.web.servletapi.SecurityContextHolderAwareRequestFilter@3957d88b, org.springframework.security.web.authentication.AnonymousAuthenticationFilter@328e4ec2, org.springframework.security.web.session.SessionManagementFilter@7ad889be, org.springframework.security.web.access.ExceptionTranslationFilter@72a7aa4f, org.springframework.security.web.access.intercept.FilterSecurityInterceptor@4c56644f]
2020-03-16 16:22:38.336  INFO 12388 --- [main] o.s.b.w.embedded.tomcat.TomcatWebServer  : Tomcat started on port(s): 8080 (http) with context path ''
2020-03-16 16:22:38.338  INFO 12388 --- [main] r.f.vaccination.VaccinationApplication   : Started VaccinationApplication in 5.58 seconds (JVM running for 6.694)
2020-03-16 16:23:03.823  INFO 12388 --- [http-nio-8080-exec-1] o.a.c.c.C.[Tomcat].[localhost].[/]       : Initializing Spring DispatcherServlet 'dispatcherServlet'
2020-03-16 16:23:19.272  WARN 12388 --- [http-nio-8080-exec-9] o.h.engine.jdbc.spi.SqlExceptionHelper   : SQL Error: 1062, SQLState: 23000
2020-03-16 16:23:19.273 ERROR 12388 --- [http-nio-8080-exec-9] o.h.engine.jdbc.spi.SqlExceptionHelper   : Duplicate entry '15408827876' for key 'patient.SNILS_UNIQUE'
2020-03-16 16:23:19.329 ERROR 12388 --- [http-nio-8080-exec-9] r.f.vaccination.service.PatientService   : Ошибка записи пациента в БД java.sql.SQLIntegrityConstraintViolationException: Duplicate entry '15408827876' for key 'patient.SNILS_UNIQUE'
2020-03-16 16:24:31.211  INFO 8560 --- [main] r.f.vaccination.VaccinationApplication   : Starting VaccinationApplication on Kat with PID 8560 (D:\vaccination\sources\target\classes started by аххх in D:\vaccination\sources)
2020-03-16 16:24:31.214 DEBUG 8560 --- [main] r.f.vaccination.VaccinationApplication   : Running with Spring Boot v2.2.4.RELEASE, Spring v5.2.3.RELEASE
2020-03-16 16:24:31.215  INFO 8560 --- [main] r.f.vaccination.VaccinationApplication   : No active profile set, falling back to default profiles: default
2020-03-16 16:24:32.082  INFO 8560 --- [main] .s.d.r.c.RepositoryConfigurationDelegate : Bootstrapping Spring Data JPA repositories in DEFAULT mode.
2020-03-16 16:24:32.160  INFO 8560 --- [main] .s.d.r.c.RepositoryConfigurationDelegate : Finished Spring Data repository scanning in 64ms. Found 5 JPA repository interfaces.
2020-03-16 16:24:32.676  INFO 8560 --- [main] trationDelegate$BeanPostProcessorChecker : Bean 'org.springframework.transaction.annotation.ProxyTransactionManagementConfiguration' of type [org.springframework.transaction.annotation.ProxyTransactionManagementConfiguration] is not eligible for getting processed by all BeanPostProcessors (for example: not eligible for auto-proxying)
2020-03-16 16:24:32.901  INFO 8560 --- [main] o.s.b.w.embedded.tomcat.TomcatWebServer  : Tomcat initialized with port(s): 8080 (http)
2020-03-16 16:24:32.931  INFO 8560 --- [main] o.apache.catalina.core.StandardService   : Starting service [Tomcat]
2020-03-16 16:24:32.932  INFO 8560 --- [main] org.apache.catalina.core.StandardEngine  : Starting Servlet engine: [Apache Tomcat/9.0.30]
2020-03-16 16:24:33.089  INFO 8560 --- [main] o.a.c.c.C.[Tomcat].[localhost].[/]       : Initializing Spring embedded WebApplicationContext
2020-03-16 16:24:33.237  INFO 8560 --- [main] o.hibernate.jpa.internal.util.LogHelper  : HHH000204: Processing PersistenceUnitInfo [name: default]
2020-03-16 16:24:33.300  INFO 8560 --- [main] org.hibernate.Version                    : HHH000412: Hibernate Core {5.4.10.Final}
2020-03-16 16:24:33.425  INFO 8560 --- [main] o.hibernate.annotations.common.Version   : HCANN000001: Hibernate Commons Annotations {5.1.0.Final}
2020-03-16 16:24:33.594  INFO 8560 --- [main] com.zaxxer.hikari.HikariDataSource       : HikariPool-1 - Starting...
2020-03-16 16:24:34.274  INFO 8560 --- [main] com.zaxxer.hikari.HikariDataSource       : HikariPool-1 - Start completed.
2020-03-16 16:24:34.287  INFO 8560 --- [main] org.hibernate.dialect.Dialect            : HHH000400: Using dialect: org.hibernate.dialect.MySQL5Dialect
2020-03-16 16:24:35.121  INFO 8560 --- [main] o.h.e.t.j.p.i.JtaPlatformInitiator       : HHH000490: Using JtaPlatform implementation: [org.hibernate.engine.transaction.jta.platform.internal.NoJtaPlatform]
2020-03-16 16:24:35.130  INFO 8560 --- [main] j.LocalContainerEntityManagerFactoryBean : Initialized JPA EntityManagerFactory for persistence unit 'default'
2020-03-16 16:24:35.161  WARN 8560 --- [main] JpaBaseConfiguration$JpaWebConfiguration : spring.jpa.open-in-view is enabled by default. Therefore, database queries may be performed during view rendering. Explicitly configure spring.jpa.open-in-view to disable this warning
2020-03-16 16:24:35.883  INFO 8560 --- [main] o.s.s.web.DefaultSecurityFilterChain     : Creating filter chain: Ant [pattern='/static/**'], []
2020-03-16 16:24:35.918  INFO 8560 --- [main] o.s.s.web.DefaultSecurityFilterChain     : Creating filter chain: any request, [org.springframework.security.web.context.request.async.WebAsyncManagerIntegrationFilter@20b829d5, org.springframework.security.web.context.SecurityContextPersistenceFilter@537ca28e, org.springframework.security.web.header.HeaderWriterFilter@4c5da4f9, org.springframework.security.web.csrf.CsrfFilter@4fe8f2ae, org.springframework.security.web.authentication.logout.LogoutFilter@7be38eba, org.springframework.security.web.authentication.UsernamePasswordAuthenticationFilter@6f8667bb, org.springframework.security.web.savedrequest.RequestCacheAwareFilter@35e2b89f, org.springframework.security.web.servletapi.SecurityContextHolderAwareRequestFilter@1de7f898, org.springframework.security.web.authentication.AnonymousAuthenticationFilter@7c5f29c6, org.springframework.security.web.session.SessionManagementFilter@70d3cdbf, org.springframework.security.web.access.ExceptionTranslationFilter@afee63, org.springframework.security.web.access.intercept.FilterSecurityInterceptor@655203e3]
2020-03-16 16:24:36.110  INFO 8560 --- [main] o.s.b.w.embedded.tomcat.TomcatWebServer  : Tomcat started on port(s): 8080 (http) with context path ''
2020-03-16 16:24:36.112  INFO 8560 --- [main] r.f.vaccination.VaccinationApplication   : Started VaccinationApplication in 5.349 seconds (JVM running for 6.353)
2020-03-16 16:24:36.254  INFO 8560 --- [http-nio-8080-exec-2] o.a.c.c.C.[Tomcat].[localhost].[/]       : Initializing Spring DispatcherServlet 'dispatcherServlet'
2020-03-16 16:24:48.935  WARN 8560 --- [http-nio-8080-exec-7] o.h.engine.jdbc.spi.SqlExceptionHelper   : SQL Error: 1062, SQLState: 23000
2020-03-16 16:24:48.936 ERROR 8560 --- [http-nio-8080-exec-7] o.h.engine.jdbc.spi.SqlExceptionHelper   : Duplicate entry '15408827876' for key 'patient.SNILS_UNIQUE'
2020-03-16 16:24:49.016 ERROR 8560 --- [http-nio-8080-exec-7] r.f.vaccination.service.PatientService   : Ошибка записи пациента в БД, /n java.sql.SQLIntegrityConstraintViolationException: Duplicate entry '15408827876' for key 'patient.SNILS_UNIQUE'
2020-03-16 16:25:59.118  INFO 16452 --- [main] r.f.vaccination.VaccinationApplication   : Starting VaccinationApplication on Kat with PID 16452 (D:\vaccination\sources\target\classes started by аххх in D:\vaccination\sources)
2020-03-16 16:25:59.121 DEBUG 16452 --- [main] r.f.vaccination.VaccinationApplication   : Running with Spring Boot v2.2.4.RELEASE, Spring v5.2.3.RELEASE
2020-03-16 16:25:59.121  INFO 16452 --- [main] r.f.vaccination.VaccinationApplication   : No active profile set, falling back to default profiles: default
2020-03-16 16:25:59.781  INFO 16452 --- [main] .s.d.r.c.RepositoryConfigurationDelegate : Bootstrapping Spring Data JPA repositories in DEFAULT mode.
2020-03-16 16:25:59.903  INFO 16452 --- [main] .s.d.r.c.RepositoryConfigurationDelegate : Finished Spring Data repository scanning in 110ms. Found 5 JPA repository interfaces.
2020-03-16 16:26:00.480  INFO 16452 --- [main] trationDelegate$BeanPostProcessorChecker : Bean 'org.springframework.transaction.annotation.ProxyTransactionManagementConfiguration' of type [org.springframework.transaction.annotation.ProxyTransactionManagementConfiguration] is not eligible for getting processed by all BeanPostProcessors (for example: not eligible for auto-proxying)
2020-03-16 16:26:00.734  INFO 16452 --- [main] o.s.b.w.embedded.tomcat.TomcatWebServer  : Tomcat initialized with port(s): 8080 (http)
2020-03-16 16:26:00.743  INFO 16452 --- [main] o.apache.catalina.core.StandardService   : Starting service [Tomcat]
2020-03-16 16:26:00.743  INFO 16452 --- [main] org.apache.catalina.core.StandardEngine  : Starting Servlet engine: [Apache Tomcat/9.0.30]
2020-03-16 16:26:00.897  INFO 16452 --- [main] o.a.c.c.C.[Tomcat].[localhost].[/]       : Initializing Spring embedded WebApplicationContext
2020-03-16 16:26:01.059  INFO 16452 --- [main] o.hibernate.jpa.internal.util.LogHelper  : HHH000204: Processing PersistenceUnitInfo [name: default]
2020-03-16 16:26:01.122  INFO 16452 --- [main] org.hibernate.Version                    : HHH000412: Hibernate Core {5.4.10.Final}
2020-03-16 16:26:01.261  INFO 16452 --- [main] o.hibernate.annotations.common.Version   : HCANN000001: Hibernate Commons Annotations {5.1.0.Final}
2020-03-16 16:26:01.423  INFO 16452 --- [main] com.zaxxer.hikari.HikariDataSource       : HikariPool-1 - Starting...
2020-03-16 16:26:02.223  INFO 16452 --- [main] com.zaxxer.hikari.HikariDataSource       : HikariPool-1 - Start completed.
2020-03-16 16:26:02.236  INFO 16452 --- [main] org.hibernate.dialect.Dialect            : HHH000400: Using dialect: org.hibernate.dialect.MySQL5Dialect
2020-03-16 16:26:02.935  INFO 16452 --- [main] o.h.e.t.j.p.i.JtaPlatformInitiator       : HHH000490: Using JtaPlatform implementation: [org.hibernate.engine.transaction.jta.platform.internal.NoJtaPlatform]
2020-03-16 16:26:02.944  INFO 16452 --- [main] j.LocalContainerEntityManagerFactoryBean : Initialized JPA EntityManagerFactory for persistence unit 'default'
2020-03-16 16:26:02.975  WARN 16452 --- [main] JpaBaseConfiguration$JpaWebConfiguration : spring.jpa.open-in-view is enabled by default. Therefore, database queries may be performed during view rendering. Explicitly configure spring.jpa.open-in-view to disable this warning
2020-03-16 16:26:03.678  INFO 16452 --- [main] o.s.s.web.DefaultSecurityFilterChain     : Creating filter chain: Ant [pattern='/static/**'], []
2020-03-16 16:26:03.711  INFO 16452 --- [main] o.s.s.web.DefaultSecurityFilterChain     : Creating filter chain: any request, [org.springframework.security.web.context.request.async.WebAsyncManagerIntegrationFilter@5280688, org.springframework.security.web.context.SecurityContextPersistenceFilter@7ad889be, org.springframework.security.web.header.HeaderWriterFilter@72a7aa4f, org.springframework.security.web.csrf.CsrfFilter@7f1f60a0, org.springframework.security.web.authentication.logout.LogoutFilter@1d283d1, org.springframework.security.web.authentication.UsernamePasswordAuthenticationFilter@20b829d5, org.springframework.security.web.savedrequest.RequestCacheAwareFilter@63de4fa, org.springframework.security.web.servletapi.SecurityContextHolderAwareRequestFilter@496cedbb, org.springframework.security.web.authentication.AnonymousAuthenticationFilter@643f6179, org.springframework.security.web.session.SessionManagementFilter@5b322873, org.springframework.security.web.access.ExceptionTranslationFilter@ff0e6d4, org.springframework.security.web.access.intercept.FilterSecurityInterceptor@23b71d24]
2020-03-16 16:26:03.917  INFO 16452 --- [main] o.s.b.w.embedded.tomcat.TomcatWebServer  : Tomcat started on port(s): 8080 (http) with context path ''
2020-03-16 16:26:03.920  INFO 16452 --- [main] r.f.vaccination.VaccinationApplication   : Started VaccinationApplication in 5.199 seconds (JVM running for 6.208)
2020-03-16 16:26:04.802  INFO 16452 --- [http-nio-8080-exec-1] o.a.c.c.C.[Tomcat].[localhost].[/]       : Initializing Spring DispatcherServlet 'dispatcherServlet'
2020-03-16 16:26:16.901  WARN 16452 --- [http-nio-8080-exec-7] o.h.engine.jdbc.spi.SqlExceptionHelper   : SQL Error: 1062, SQLState: 23000
2020-03-16 16:26:16.901 ERROR 16452 --- [http-nio-8080-exec-7] o.h.engine.jdbc.spi.SqlExceptionHelper   : Duplicate entry '15408827876' for key 'patient.SNILS_UNIQUE'
2020-03-16 16:26:16.968 ERROR 16452 --- [http-nio-8080-exec-7] r.f.vaccination.service.PatientService   : Ошибка записи пациента в БД, 
java.sql.SQLIntegrityConstraintViolationException: Duplicate entry '15408827876' for key 'patient.SNILS_UNIQUE'
